<?xml version="1.0" encoding="UTF-8"?>
<testng-results ignored="0" total="1" passed="1" failed="0" skipped="0">
  <reporter-output>
  </reporter-output>
  <suite started-at="2025-07-11T20:06:46 IST" name="Evallo UI Automation Suite" finished-at="2025-07-11T20:06:50 IST" duration-ms="3641">
    <groups>
    </groups>
    <test started-at="2025-07-11T20:06:46 IST" name="UI Tests" finished-at="2025-07-11T20:06:50 IST" duration-ms="3641">
      <class name="tests.PurchaseFlowTest">
        <test-method is-config="true" signature="setup()[pri:0, instance:tests.PurchaseFlowTest@815b41f]" started-at="2025-07-11T20:06:46 IST" name="setup" finished-at="2025-07-11T20:06:48 IST" duration-ms="2536" status="PASS">
          <reporter-output>
          </reporter-output>
        </test-method> <!-- setup -->
        <test-method signature="testHappyPathPurchase()[pri:0, instance:tests.PurchaseFlowTest@815b41f]" started-at="2025-07-11T20:06:48 IST" name="testHappyPathPurchase" finished-at="2025-07-11T20:06:49 IST" duration-ms="890" status="PASS">
          <reporter-output>
          </reporter-output>
        </test-method> <!-- testHappyPathPurchase -->
        <test-method is-config="true" signature="tearDown()[pri:0, instance:tests.PurchaseFlowTest@815b41f]" started-at="2025-07-11T20:06:49 IST" name="tearDown" finished-at="2025-07-11T20:06:50 IST" duration-ms="170" status="PASS">
          <reporter-output>
          </reporter-output>
        </test-method> <!-- tearDown -->
      </class> <!-- tests.PurchaseFlowTest -->
    </test> <!-- UI Tests -->
  </suite> <!-- Evallo UI Automation Suite -->
</testng-results>
